<?xml version="1.0" encoding="UTF-8"?>
<!-- Generated by org.testng.reporters.JUnitReportReporter -->
<testsuite hostname="EEEPC0282" name="log4jdemo" tests="1" failures="0" timestamp="23 May 2017 07:08:17 GMT" time="16.226" errors="0">
  <testcase name="test1" time="16.226" classname="log4jdemo"/>
</testsuite> <!-- log4jdemo -->
